app/build/intermediates/manifest_merge_blame_file/release/manifest-merger-blame-release-report.txt
1<?xml version="1.0" encoding="utf-8"?>
2<manifest xmlns:android="http://schemas.android.com/apk/res/android"
3    package="com.mrboomdev.platformer"
4    android:versionCode="2"
5    android:versionName="0.0.2" >
6
7    <uses-sdk
8        android:minSdkVersion="25"
8-->Platformer/app/AndroidManifest.xml
9        android:targetSdkVersion="32" />
9-->Platformer/app/AndroidManifest.xml
10
11    <application
11-->Platformer/app/AndroidManifest.xml:4:5-22:19
12        android:allowBackup="true"
12-->Platformer/app/AndroidManifest.xml:5:13-39
13        android:appCategory="game"
13-->Platformer/app/AndroidManifest.xml:8:13-39
14        android:extractNativeLibs="false"
15        android:icon="@mipmap/ic_launcher"
15-->Platformer/app/AndroidManifest.xml:6:13-47
16        android:isGame="true"
16-->Platformer/app/AndroidManifest.xml:7:13-34
17        android:label="@string/app_name"
17-->Platformer/app/AndroidManifest.xml:9:13-45
18        android:theme="@style/GdxTheme" >
18-->Platformer/app/AndroidManifest.xml:10:13-44
19        <activity
19-->Platformer/app/AndroidManifest.xml:11:9-21:20
20            android:name="com.mrboomdev.platformer.AndroidLauncher"
20-->Platformer/app/AndroidManifest.xml:12:17-72
21            android:configChanges="keyboard|keyboardHidden|navigation|orientation|screenSize|screenLayout"
21-->Platformer/app/AndroidManifest.xml:15:17-111
22            android:exported="true"
22-->Platformer/app/AndroidManifest.xml:16:17-40
23            android:label="@string/app_name"
23-->Platformer/app/AndroidManifest.xml:13:17-49
24            android:screenOrientation="landscape" >
24-->Platformer/app/AndroidManifest.xml:14:17-54
25            <intent-filter>
25-->Platformer/app/AndroidManifest.xml:17:13-20:29
26                <action android:name="android.intent.action.MAIN" />
26-->Platformer/app/AndroidManifest.xml:18:17-68
26-->Platformer/app/AndroidManifest.xml:18:25-66
27
28                <category android:name="android.intent.category.LAUNCHER" />
28-->Platformer/app/AndroidManifest.xml:19:17-76
28-->Platformer/app/AndroidManifest.xml:19:27-74
29            </intent-filter>
30        </activity>
31    </application>
32
33</manifest>